alg <algoritmyvcecku @ gmail dot com>
@kosjoli
http:\/\/www.privacyfoundation.ch\/abuse\/
gone fishing
bitbang <nobody AT onionrouter>
Zwiebelring TorNode <tor AT frittentheke de>
PGP Key:0x613b73cc FP:161A F882 DCAF 9159 1DDF 464E C2FC 2765 613B 73CC
b05pb05yb1V0aU5HK1RSRXVyZWthQG5mWE4ubmV0
bitbang <nobody AT onionrouter>
0xFD78BCE1 Fruity Oaty Tor Exit <torexit ??t kalidasa.klamath.ch>
Speak up at IRC channel tor-dev
Yo know where
https:\/\/www.torproject.org\/
@kosjoli
http:\/\/www.privacyfoundation.ch\/abuse\/
gone fishing
bitbang <nobody AT onionrouter>
Zwiebelring TorNode <tor AT frittentheke de>
PGP Key:0x613b73cc FP:161A F882 DCAF 9159 1DDF 464E C2FC 2765 613B 73CC
b05pb05yb1V0aU5HK1RSRXVyZWthQG5mWE4ubmV0
bitbang <nobody AT onionrouter>
0xFD78BCE1 Fruity Oaty Tor Exit <torexit ??t kalidasa.klamath.ch>
Speak up at IRC channel tor-dev
Yo know where
https:\/\/www.torproject.org\/
pubkey 0x0E5DCE45 ; wfn on the OFTC network
www.national-liberal.org
Stephan <operator PLEASE_IGNORE_THIS_PART (a) torrified (.) de>
null
PizzaPlanet <tor AT omgomg d0t eu>
Speak up at IRC channel tor-dev
0x93e2af93 - Kai Muenz - squ@tent . at
david@davidhogue'com
1024D\/397F5C4F Stephan Oeste <emzyATemzyDOTde>
abuse<__aT>icetor{_DoT===}is
jvictors at jessevictors com, 0xC20BEC80
0x539348A5 manu <manu AT brahu AT>
0xDEADBEAF
Felix <zwiebel ta quantentunnel tod de>
jvictors at jessevictors com, 0xC20BEC80
@kosjoli
SomeRandomChap
jvictors at jessevictors com, 0xC20BEC80
abuse<__aT>icetor{_DoT===}is
mail A-T cyb3rwr3ck D-O-T net
abuse<__aT>icetor{_DoT===}is
TvdW <tor NEAR tvdw CIRCLE eu>
<bjoern AT mac com>
torrelay<at>afkbio<dot>de
<tor t-8ch de>
Tor Admin <toradmin A@T esponde D0T net>
http:\/\/answers.ibiblio.org
0x4ED3D2B7 GDR! <gdr is an account at go2 full stop pl>
+1 303-265-9283, rdump@OFTC
Felix <zwiebel ta quantentunnel tod de>
jvictors at jessevictors com, 0xC20BEC80
1024D\/1DFBA164 Bernhard M. Wiedemann <torbmw3 lsmod.de>
murb@OFTC
gamambel
Bauruine <torcontact aatt tuxli.ch>
+1 303-265-9283, rdump@OFTC
mutantmonkey <tor.cubensis @at@ mutantmonkey \/dot\/ in>
jvictors at jessevictors com, 0xC20BEC80
Bauruine <torcontact aatt tuxli.ch>
BTC 1GXZVChXoxgrBzqMsCrWGu2ua6VTKSH6U1
Arthur Taylor <arthur dot taylor AT gmail>
tor TA fejk tod se
Felix <zwiebel ta quantentunnel tod de>
pseudodyne admin <hostmaster nosuchdoma in>
4096R\/6CAC71020AF5D60D
gmail axlecrusher
abuse<__aT>icetor{_DoT===}is
<baloghn -THE\"AT\"SIGN- missouri -THE\"DOT\"SIGN- edu>
0xC55A356B
Bauruine <torcontact aatt tuxli.ch>
see http:\/\/tor.amd.co.at
Julien ROBIN - FR <find me into http readme>
BTC 15xM37TRobDaU4Jqu4TR5y8SxQNVc5jSwd
http:\/\/www.privacyfoundation.ch\/abuse\/
http:\/\/www.privacyfoundation.ch\/abuse\/
tor<=aT>mgorbach| DOT|n
0x0BA5D044 Random Person <tormaster (at) deritter (.) de>
see http:\/\/tor.amd.co.at
alg <algoritmyvcecku @ gmail dot com>
1024D\/1DFBA164 Bernhard M. Wiedemann <torbmw3 lsmod.de>
0xDEADBEAF
TlpCRm91bmRhdGlvbit0b3JAZ21haWwuY29t
Bauruine <torcontact aatt tuxli.ch>
Felix <zwiebel ta quantentunnel tod de>
0xC55A356B
www.prismcamp.de +491711190507
Jan Weiher <jan-buksy-de>
Tech <abuse AT greenhost nl>
http:\/\/www.privacyfoundation.ch\/abuse\/
http:\/\/www.privacyfoundation.ch\/abuse\/
<tor-info pm-ib de>
0xd28d7c4078b3742a Vincent Yu (https:\/\/v-yu.com\/)
tor-nyxRiseupNet
0xF792A0B8 anemia <anemia riseup net>
0xA192CAF7 Tor Admin <tor linuxlounge net>
Leverage Consulting & Associates
http:\/\/www.privacyfoundation.ch\/abuse\/
Peter Palfrader
Julien ROBIN - FR <find me into http readme>
HackThisSite.org
Mike Perry <mikeperryTAfsckedTODorg>
Speak up at IRC channel tor-dev
Julien ROBIN - FR <find me into http readme>
0xFD78BCE1 Fruity Oaty Tor Exit <torexit ??t kalidasa.klamath.ch>
http:\/\/answers.ibiblio.org
0x0BA5D044 Random Person <tormaster (at) deritter (.) de>
Speak up at IRC channel tor-dev
null
0xd28d7c4078b3742a Vincent Yu (https:\/\/v-yu.com\/)
TvdW <tor NEAR tvdw CIRCLE eu>
Bauruine <torcontact aatt tuxli.ch>
mail A-T cyb3rwr3ck D-O-T net
http:\/\/www.privacyfoundation.ch\/abuse\/
0xA192CAF7 Tor Admin <tor linuxlounge net>
@kosjoli
Arthur Taylor <arthur dot taylor AT gmail>
PGP Key:0x613b73cc FP:161A F882 DCAF 9159 1DDF 464E C2FC 2765 613B 73CC
abuse<__aT>icetor{_DoT===}is
bitbang <nobody AT onionrouter>
tor at dereferenced net
torrelay<at>afkbio<dot>de
tor-nyxRiseupNet
mutantmonkey <tor.cubensis @at@ mutantmonkey \/dot\/ in>
Bauruine <torcontact aatt tuxli.ch>
pubkey 0x0E5DCE45 ; wfn on the OFTC network
alg <algoritmyvcecku @ gmail dot com>
HackThisSite.org
0xDEADBEAF
Yo know where
Felix <zwiebel ta quantentunnel tod de>
see http:\/\/tor.amd.co.at
<baloghn -THE\"AT\"SIGN- missouri -THE\"DOT\"SIGN- edu>
0xF792A0B8 anemia <anemia riseup net>
4096R\/6CAC71020AF5D60D
jvictors at jessevictors com, 0xC20BEC80
bitbang <nobody AT onionrouter>
Jan Schejbal, janhomepageONgmxPERIODnet
BTC 1GXZVChXoxgrBzqMsCrWGu2ua6VTKSH6U1
jvictors at jessevictors com, 0xC20BEC80
0x539348A5 manu <manu AT brahu AT>
Peter Palfrader
1024D\/1DFBA164 Bernhard M. Wiedemann <torbmw3 lsmod.de>
mailbox torproject.org_4 domain l.qwyx.de
see http:\/\/tor.amd.co.at
<tor t-8ch de>
Bauruine <torcontact aatt tuxli.ch>
0xd28d7c4078b3742a Vincent Yu (https:\/\/v-yu.com\/)
Julien ROBIN - FR <find me into http readme>
jvictors at jessevictors com, 0xC20BEC80
Stephan <operator PLEASE_IGNORE_THIS_PART (a) torrified (.) de>
http:\/\/www.privacyfoundation.ch\/abuse\/
gmail axlecrusher
Felix <zwiebel ta quantentunnel tod de>
http:\/\/www.privacyfoundation.ch\/abuse\/
Julien ROBIN - FR <find me into http readme>
@kosjoli
gone fishing
Felix <zwiebel ta quantentunnel tod de>
1024D\/397F5C4F Stephan Oeste <emzyATemzyDOTde>
0xC55A356B
1024D\/BADB7973 \"9764 AB8A D98D 3D55 C376  6D8C 4137 842E BADB 7973\"
Speak up at IRC channel tor-dev
1024D\/3AD9BA3E Aki Tuomi <cmouse ath desteem doth org>
Felix <zwiebel ta quantentunnel tod de>
pseudodyne admin <hostmaster nosuchdoma in>
tor \/AT\/ battleguard *DOT* net
Speak up at IRC channel tor-dev
Bauruine <torcontact aatt tuxli.ch>
0x93e2af93 - Kai Muenz - squ@tent . at
Bitmessage: BM-2D9J7HaAe6n1cZ7NbkoixmjsJ7kQXw7iKW
abuse<__aT>icetor{_DoT===}is
https:\/\/www.torproject.org\/
jvictors at jessevictors com, 0xC20BEC80
0xC55A356B
Julien ROBIN - FR <find me into http readme>
murb@OFTC
Zwiebelring TorNode <tor AT frittentheke de>
jvictors at jessevictors com, 0xC20BEC80
http:\/\/www.privacyfoundation.ch\/abuse\/
0xDEADBEAF
jvictors at jessevictors com, 0xC20BEC80
tor<=aT>mgorbach| DOT|n
tor TA fejk tod se
<bjoern AT mac com>
SomeRandomChap
BTC 15xM37TRobDaU4Jqu4TR5y8SxQNVc5jSwd
abuse<__aT>icetor{_DoT===}is
Tor Admin <toradmin A@T esponde D0T net>
+1 303-265-9283, rdump@OFTC
<tor-info pm-ib de>
david@davidhogue'com
http:\/\/www.privacyfoundation.ch\/abuse\/
0x4ED3D2B7 GDR! <gdr is an account at go2 full stop pl>
http:\/\/www.privacyfoundation.ch\/abuse\/
Julien ROBIN - FR <find me into http readme>
Tech <abuse AT greenhost nl>
PizzaPlanet <tor AT omgomg d0t eu>
Jan Weiher <jan-buksy-de>
Felix <zwiebel ta quantentunnel tod de>
1024D\/1DFBA164 Bernhard M. Wiedemann <torbmw3 lsmod.de>
abuse<__aT>icetor{_DoT===}is
gamambel
http:\/\/www.privacyfoundation.ch\/abuse\/
+1 303-265-9283, rdump@OFTC
Felix <zwiebel ta quantentunnel tod de>
Mike Perry <mikeperryTAfsckedTODorg>
b05pb05yb1V0aU5HK1RSRXVyZWthQG5mWE4ubmV0
www.prismcamp.de +491711190507
TlpCRm91bmRhdGlvbit0b3JAZ21haWwuY29t
www.national-liberal.org
Leverage Consulting & Associates
0xFD78BCE1 Fruity Oaty Tor Exit <torexit ??t kalidasa.klamath.ch>
http:\/\/answers.ibiblio.org
0x0BA5D044 Random Person <tormaster (at) deritter (.) de>
Speak up at IRC channel tor-dev
null
0xd28d7c4078b3742a Vincent Yu (https:\/\/v-yu.com\/)
TvdW <tor NEAR tvdw CIRCLE eu>
Bauruine <torcontact aatt tuxli.ch>
mail A-T cyb3rwr3ck D-O-T net
http:\/\/www.privacyfoundation.ch\/abuse\/
0xA192CAF7 Tor Admin <tor linuxlounge net>
@kosjoli
Arthur Taylor <arthur dot taylor AT gmail>
PGP Key:0x613b73cc FP:161A F882 DCAF 9159 1DDF 464E C2FC 2765 613B 73CC
abuse<__aT>icetor{_DoT===}is
bitbang <nobody AT onionrouter>
tor at dereferenced net
torrelay<at>afkbio<dot>de
tor-nyxRiseupNet
mutantmonkey <tor.cubensis @at@ mutantmonkey \/dot\/ in>
Bauruine <torcontact aatt tuxli.ch>
pubkey 0x0E5DCE45 ; wfn on the OFTC network
alg <algoritmyvcecku @ gmail dot com>
HackThisSite.org
0xDEADBEAF
Yo know where
Felix <zwiebel ta quantentunnel tod de>
see http:\/\/tor.amd.co.at
<baloghn -THE\"AT\"SIGN- missouri -THE\"DOT\"SIGN- edu>
0xF792A0B8 anemia <anemia riseup net>
4096R\/6CAC71020AF5D60D
jvictors at jessevictors com, 0xC20BEC80
bitbang <nobody AT onionrouter>
Jan Schejbal, janhomepageONgmxPERIODnet
BTC 1GXZVChXoxgrBzqMsCrWGu2ua6VTKSH6U1
jvictors at jessevictors com, 0xC20BEC80
0x539348A5 manu <manu AT brahu AT>
Peter Palfrader
1024D\/1DFBA164 Bernhard M. Wiedemann <torbmw3 lsmod.de>
mailbox torproject.org_4 domain l.qwyx.de
see http:\/\/tor.amd.co.at
<tor t-8ch de>
Bauruine <torcontact aatt tuxli.ch>
0xd28d7c4078b3742a Vincent Yu (https:\/\/v-yu.com\/)
Julien ROBIN - FR <find me into http readme>
jvictors at jessevictors com, 0xC20BEC80
Stephan <operator PLEASE_IGNORE_THIS_PART (a) torrified (.) de>
http:\/\/www.privacyfoundation.ch\/abuse\/
gmail axlecrusher
Felix <zwiebel ta quantentunnel tod de>
http:\/\/www.privacyfoundation.ch\/abuse\/
Julien ROBIN - FR <find me into http readme>
@kosjoli
gone fishing
Felix <zwiebel ta quantentunnel tod de>
1024D\/397F5C4F Stephan Oeste <emzyATemzyDOTde>
0xC55A356B
1024D\/BADB7973 \"9764 AB8A D98D 3D55 C376  6D8C 4137 842E BADB 7973\"
Speak up at IRC channel tor-dev
1024D\/3AD9BA3E Aki Tuomi <cmouse ath desteem doth org>
Felix <zwiebel ta quantentunnel tod de>
pseudodyne admin <hostmaster nosuchdoma in>
tor \/AT\/ battleguard *DOT* net
Speak up at IRC channel tor-dev
Bauruine <torcontact aatt tuxli.ch>
0x93e2af93 - Kai Muenz - squ@tent . at
Bitmessage: BM-2D9J7HaAe6n1cZ7NbkoixmjsJ7kQXw7iKW
abuse<__aT>icetor{_DoT===}is
https:\/\/www.torproject.org\/
jvictors at jessevictors com, 0xC20BEC80
0xC55A356B
Julien ROBIN - FR <find me into http readme>
murb@OFTC
Zwiebelring TorNode <tor AT frittentheke de>
jvictors at jessevictors com, 0xC20BEC80
http:\/\/www.privacyfoundation.ch\/abuse\/
0xDEADBEAF
jvictors at jessevictors com, 0xC20BEC80
tor<=aT>mgorbach| DOT|n
tor TA fejk tod se
<bjoern AT mac com>
SomeRandomChap
BTC 15xM37TRobDaU4Jqu4TR5y8SxQNVc5jSwd
abuse<__aT>icetor{_DoT===}is
Tor Admin <toradmin A@T esponde D0T net>
+1 303-265-9283, rdump@OFTC
<tor-info pm-ib de>
david@davidhogue'com
http:\/\/www.privacyfoundation.ch\/abuse\/
0x4ED3D2B7 GDR! <gdr is an account at go2 full stop pl>
http:\/\/www.privacyfoundation.ch\/abuse\/
Julien ROBIN - FR <find me into http readme>
Tech <abuse AT greenhost nl>
PizzaPlanet <tor AT omgomg d0t eu>
Jan Weiher <jan-buksy-de>
Felix <zwiebel ta quantentunnel tod de>
1024D\/1DFBA164 Bernhard M. Wiedemann <torbmw3 lsmod.de>
abuse<__aT>icetor{_DoT===}is
gamambel
http:\/\/www.privacyfoundation.ch\/abuse\/
+1 303-265-9283, rdump@OFTC
Felix <zwiebel ta quantentunnel tod de>
Mike Perry <mikeperryTAfsckedTODorg>
b05pb05yb1V0aU5HK1RSRXVyZWthQG5mWE4ubmV0
www.prismcamp.de +491711190507
TlpCRm91bmRhdGlvbit0b3JAZ21haWwuY29t
www.national-liberal.org
Leverage Consulting & Associates
0xFD78BCE1 Fruity Oaty Tor Exit <torexit ??t kalidasa.klamath.ch>
http:\/\/answers.ibiblio.org
0x0BA5D044 Random Person <tormaster (at) deritter (.) de>
Speak up at IRC channel tor-dev
null
0xd28d7c4078b3742a Vincent Yu (https:\/\/v-yu.com\/)
TvdW <tor NEAR tvdw CIRCLE eu>
Bauruine <torcontact aatt tuxli.ch>
mail A-T cyb3rwr3ck D-O-T net
http:\/\/www.privacyfoundation.ch\/abuse\/
0xA192CAF7 Tor Admin <tor linuxlounge net>
@kosjoli
Arthur Taylor <arthur dot taylor AT gmail>
PGP Key:0x613b73cc FP:161A F882 DCAF 9159 1DDF 464E C2FC 2765 613B 73CC
abuse<__aT>icetor{_DoT===}is
bitbang <nobody AT onionrouter>
tor at dereferenced net
torrelay<at>afkbio<dot>de
tor-nyxRiseupNet
mutantmonkey <tor.cubensis @at@ mutantmonkey \/dot\/ in>
Bauruine <torcontact aatt tuxli.ch>
pubkey 0x0E5DCE45 ; wfn on the OFTC network
alg <algoritmyvcecku @ gmail dot com>
HackThisSite.org
0xDEADBEAF
Yo know where
Felix <zwiebel ta quantentunnel tod de>
see http:\/\/tor.amd.co.at
<baloghn -THE\"AT\"SIGN- missouri -THE\"DOT\"SIGN- edu>
0xF792A0B8 anemia <anemia riseup net>
4096R\/6CAC71020AF5D60D
jvictors at jessevictors com, 0xC20BEC80
bitbang <nobody AT onionrouter>
Jan Schejbal, janhomepageONgmxPERIODnet
BTC 1GXZVChXoxgrBzqMsCrWGu2ua6VTKSH6U1
jvictors at jessevictors com, 0xC20BEC80
0x539348A5 manu <manu AT brahu AT>
Peter Palfrader
1024D\/1DFBA164 Bernhard M. Wiedemann <torbmw3 lsmod.de>
mailbox torproject.org_4 domain l.qwyx.de
see http:\/\/tor.amd.co.at
<tor t-8ch de>
Bauruine <torcontact aatt tuxli.ch>
0xd28d7c4078b3742a Vincent Yu (https:\/\/v-yu.com\/)
Julien ROBIN - FR <find me into http readme>
jvictors at jessevictors com, 0xC20BEC80
Stephan <operator PLEASE_IGNORE_THIS_PART (a) torrified (.) de>
http:\/\/www.privacyfoundation.ch\/abuse\/
gmail axlecrusher
Felix <zwiebel ta quantentunnel tod de>
http:\/\/www.privacyfoundation.ch\/abuse\/
Julien ROBIN - FR <find me into http readme>
@kosjoli
gone fishing
Felix <zwiebel ta quantentunnel tod de>
1024D\/397F5C4F Stephan Oeste <emzyATemzyDOTde>
0xC55A356B
1024D\/BADB7973 \"9764 AB8A D98D 3D55 C376  6D8C 4137 842E BADB 7973\"
Speak up at IRC channel tor-dev
1024D\/3AD9BA3E Aki Tuomi <cmouse ath desteem doth org>
Felix <zwiebel ta quantentunnel tod de>
pseudodyne admin <hostmaster nosuchdoma in>
tor \/AT\/ battleguard *DOT* net
Speak up at IRC channel tor-dev
Bauruine <torcontact aatt tuxli.ch>
0x93e2af93 - Kai Muenz - squ@tent . at
Bitmessage: BM-2D9J7HaAe6n1cZ7NbkoixmjsJ7kQXw7iKW
abuse<__aT>icetor{_DoT===}is
https:\/\/www.torproject.org\/
jvictors at jessevictors com, 0xC20BEC80
0xC55A356B
Julien ROBIN - FR <find me into http readme>
murb@OFTC
Zwiebelring TorNode <tor AT frittentheke de>
jvictors at jessevictors com, 0xC20BEC80
http:\/\/www.privacyfoundation.ch\/abuse\/
0xDEADBEAF
jvictors at jessevictors com, 0xC20BEC80
tor<=aT>mgorbach| DOT|n
tor TA fejk tod se
<bjoern AT mac com>
SomeRandomChap
BTC 15xM37TRobDaU4Jqu4TR5y8SxQNVc5jSwd
abuse<__aT>icetor{_DoT===}is
Tor Admin <toradmin A@T esponde D0T net>
+1 303-265-9283, rdump@OFTC
<tor-info pm-ib de>
david@davidhogue'com
http:\/\/www.privacyfoundation.ch\/abuse\/
0x4ED3D2B7 GDR! <gdr is an account at go2 full stop pl>
http:\/\/www.privacyfoundation.ch\/abuse\/
Julien ROBIN - FR <find me into http readme>
Tech <abuse AT greenhost nl>
PizzaPlanet <tor AT omgomg d0t eu>
Jan Weiher <jan-buksy-de>
Felix <zwiebel ta quantentunnel tod de>
1024D\/1DFBA164 Bernhard M. Wiedemann <torbmw3 lsmod.de>
abuse<__aT>icetor{_DoT===}is
gamambel
http:\/\/www.privacyfoundation.ch\/abuse\/
+1 303-265-9283, rdump@OFTC
Felix <zwiebel ta quantentunnel tod de>
Mike Perry <mikeperryTAfsckedTODorg>
b05pb05yb1V0aU5HK1RSRXVyZWthQG5mWE4ubmV0
www.prismcamp.de +491711190507
TlpCRm91bmRhdGlvbit0b3JAZ21haWwuY29t
www.national-liberal.org
Leverage Consulting & Associates
0xFD78BCE1 Fruity Oaty Tor Exit <torexit ??t kalidasa.klamath.ch>
http:\/\/answers.ibiblio.org
0x0BA5D044 Random Person <tormaster (at) deritter (.) de>
Speak up at IRC channel tor-dev
null
0xd28d7c4078b3742a Vincent Yu (https:\/\/v-yu.com\/)
TvdW <tor NEAR tvdw CIRCLE eu>
Bauruine <torcontact aatt tuxli.ch>
mail A-T cyb3rwr3ck D-O-T net
http:\/\/www.privacyfoundation.ch\/abuse\/
0xA192CAF7 Tor Admin <tor linuxlounge net>
@kosjoli
Arthur Taylor <arthur dot taylor AT gmail>
PGP Key:0x613b73cc FP:161A F882 DCAF 9159 1DDF 464E C2FC 2765 613B 73CC
abuse<__aT>icetor{_DoT===}is
bitbang <nobody AT onionrouter>
tor at dereferenced net
torrelay<at>afkbio<dot>de
tor-nyxRiseupNet
mutantmonkey <tor.cubensis @at@ mutantmonkey \/dot\/ in>
Bauruine <torcontact aatt tuxli.ch>
pubkey 0x0E5DCE45 ; wfn on the OFTC network
alg <algoritmyvcecku @ gmail dot com>
HackThisSite.org
0xDEADBEAF
Yo know where
Felix <zwiebel ta quantentunnel tod de>
see http:\/\/tor.amd.co.at
<baloghn -THE\"AT\"SIGN- missouri -THE\"DOT\"SIGN- edu>
0xF792A0B8 anemia <anemia riseup net>
4096R\/6CAC71020AF5D60D
jvictors at jessevictors com, 0xC20BEC80
bitbang <nobody AT onionrouter>
Jan Schejbal, janhomepageONgmxPERIODnet
BTC 1GXZVChXoxgrBzqMsCrWGu2ua6VTKSH6U1
jvictors at jessevictors com, 0xC20BEC80
0x539348A5 manu <manu AT brahu AT>
Peter Palfrader
1024D\/1DFBA164 Bernhard M. Wiedemann <torbmw3 lsmod.de>
mailbox torproject.org_4 domain l.qwyx.de
see http:\/\/tor.amd.co.at
<tor t-8ch de>
Bauruine <torcontact aatt tuxli.ch>
0xd28d7c4078b3742a Vincent Yu (https:\/\/v-yu.com\/)
Julien ROBIN - FR <find me into http readme>
jvictors at jessevictors com, 0xC20BEC80
Stephan <operator PLEASE_IGNORE_THIS_PART (a) torrified (.) de>
http:\/\/www.privacyfoundation.ch\/abuse\/
gmail axlecrusher
Felix <zwiebel ta quantentunnel tod de>
http:\/\/www.privacyfoundation.ch\/abuse\/
Julien ROBIN - FR <find me into http readme>
@kosjoli
gone fishing
Felix <zwiebel ta quantentunnel tod de>
1024D\/397F5C4F Stephan Oeste <emzyATemzyDOTde>
0xC55A356B
1024D\/BADB7973 \"9764 AB8A D98D 3D55 C376  6D8C 4137 842E BADB 7973\"
Speak up at IRC channel tor-dev
1024D\/3AD9BA3E Aki Tuomi <cmouse ath desteem doth org>
Felix <zwiebel ta quantentunnel tod de>
pseudodyne admin <hostmaster nosuchdoma in>
tor \/AT\/ battleguard *DOT* net
Speak up at IRC channel tor-dev
Bauruine <torcontact aatt tuxli.ch>
0x93e2af93 - Kai Muenz - squ@tent . at
Bitmessage: BM-2D9J7HaAe6n1cZ7NbkoixmjsJ7kQXw7iKW
abuse<__aT>icetor{_DoT===}is
https:\/\/www.torproject.org\/
jvictors at jessevictors com, 0xC20BEC80
0xC55A356B
Julien ROBIN - FR <find me into http readme>
murb@OFTC
Zwiebelring TorNode <tor AT frittentheke de>
jvictors at jessevictors com, 0xC20BEC80
http:\/\/www.privacyfoundation.ch\/abuse\/
0xDEADBEAF
jvictors at jessevictors com, 0xC20BEC80
tor<=aT>mgorbach| DOT|n
tor TA fejk tod se
<bjoern AT mac com>
SomeRandomChap
BTC 15xM37TRobDaU4Jqu4TR5y8SxQNVc5jSwd
abuse<__aT>icetor{_DoT===}is
Tor Admin <toradmin A@T esponde D0T net>
+1 303-265-9283, rdump@OFTC
<tor-info pm-ib de>
david@davidhogue'com
http:\/\/www.privacyfoundation.ch\/abuse\/
0x4ED3D2B7 GDR! <gdr is an account at go2 full stop pl>
http:\/\/www.privacyfoundation.ch\/abuse\/
Julien ROBIN - FR <find me into http readme>
Tech <abuse AT greenhost nl>
PizzaPlanet <tor AT omgomg d0t eu>
Jan Weiher <jan-buksy-de>
Felix <zwiebel ta quantentunnel tod de>
1024D\/1DFBA164 Bernhard M. Wiedemann <torbmw3 lsmod.de>
abuse<__aT>icetor{_DoT===}is
gamambel
http:\/\/www.privacyfoundation.ch\/abuse\/
+1 303-265-9283, rdump@OFTC
Felix <zwiebel ta quantentunnel tod de>
Mike Perry <mikeperryTAfsckedTODorg>
b05pb05yb1V0aU5HK1RSRXVyZWthQG5mWE4ubmV0
www.prismcamp.de +491711190507
TlpCRm91bmRhdGlvbit0b3JAZ21haWwuY29t
www.national-liberal.org
Leverage Consulting & Associates
0xFD78BCE1 Fruity Oaty Tor Exit <torexit ??t kalidasa.klamath.ch>
http:\/\/answers.ibiblio.org
0x0BA5D044 Random Person <tormaster (at) deritter (.) de>
Speak up at IRC channel tor-dev
null
0xd28d7c4078b3742a Vincent Yu (https:\/\/v-yu.com\/)
TvdW <tor NEAR tvdw CIRCLE eu>
Bauruine <torcontact aatt tuxli.ch>
mail A-T cyb3rwr3ck D-O-T net
http:\/\/www.privacyfoundation.ch\/abuse\/
0xA192CAF7 Tor Admin <tor linuxlounge net>
@kosjoli
Arthur Taylor <arthur dot taylor AT gmail>
PGP Key:0x613b73cc FP:161A F882 DCAF 9159 1DDF 464E C2FC 2765 613B 73CC
abuse<__aT>icetor{_DoT===}is
bitbang <nobody AT onionrouter>
tor at dereferenced net
torrelay<at>afkbio<dot>de
tor-nyxRiseupNet
mutantmonkey <tor.cubensis @at@ mutantmonkey \/dot\/ in>
Bauruine <torcontact aatt tuxli.ch>
pubkey 0x0E5DCE45 ; wfn on the OFTC network
alg <algoritmyvcecku @ gmail dot com>
HackThisSite.org
0xDEADBEAF
Yo know where
Felix <zwiebel ta quantentunnel tod de>
see http:\/\/tor.amd.co.at
<baloghn -THE\"AT\"SIGN- missouri -THE\"DOT\"SIGN- edu>
0xF792A0B8 anemia <anemia riseup net>
4096R\/6CAC71020AF5D60D
jvictors at jessevictors com, 0xC20BEC80
bitbang <nobody AT onionrouter>
Jan Schejbal, janhomepageONgmxPERIODnet
BTC 1GXZVChXoxgrBzqMsCrWGu2ua6VTKSH6U1
jvictors at jessevictors com, 0xC20BEC80
0x539348A5 manu <manu AT brahu AT>
Peter Palfrader
1024D\/1DFBA164 Bernhard M. Wiedemann <torbmw3 lsmod.de>
mailbox torproject.org_4 domain l.qwyx.de
see http:\/\/tor.amd.co.at
<tor t-8ch de>
Bauruine <torcontact aatt tuxli.ch>
0xd28d7c4078b3742a Vincent Yu (https:\/\/v-yu.com\/)
Julien ROBIN - FR <find me into http readme>
jvictors at jessevictors com, 0xC20BEC80
Stephan <operator PLEASE_IGNORE_THIS_PART (a) torrified (.) de>
http:\/\/www.privacyfoundation.ch\/abuse\/
gmail axlecrusher
Felix <zwiebel ta quantentunnel tod de>
http:\/\/www.privacyfoundation.ch\/abuse\/
Julien ROBIN - FR <find me into http readme>
@kosjoli
gone fishing
Felix <zwiebel ta quantentunnel tod de>
1024D\/397F5C4F Stephan Oeste <emzyATemzyDOTde>
0xC55A356B
1024D\/BADB7973 \"9764 AB8A D98D 3D55 C376  6D8C 4137 842E BADB 7973\"
Speak up at IRC channel tor-dev
1024D\/3AD9BA3E Aki Tuomi <cmouse ath desteem doth org>
Felix <zwiebel ta quantentunnel tod de>
pseudodyne admin <hostmaster nosuchdoma in>
tor \/AT\/ battleguard *DOT* net
Speak up at IRC channel tor-dev
Bauruine <torcontact aatt tuxli.ch>
0x93e2af93 - Kai Muenz - squ@tent . at
Bitmessage: BM-2D9J7HaAe6n1cZ7NbkoixmjsJ7kQXw7iKW
abuse<__aT>icetor{_DoT===}is
https:\/\/www.torproject.org\/
jvictors at jessevictors com, 0xC20BEC80
0xC55A356B
Julien ROBIN - FR <find me into http readme>
murb@OFTC
Zwiebelring TorNode <tor AT frittentheke de>
jvictors at jessevictors com, 0xC20BEC80
http:\/\/www.privacyfoundation.ch\/abuse\/
0xDEADBEAF
jvictors at jessevictors com, 0xC20BEC80
tor<=aT>mgorbach| DOT|n
tor TA fejk tod se
<bjoern AT mac com>
SomeRandomChap
BTC 15xM37TRobDaU4Jqu4TR5y8SxQNVc5jSwd
abuse<__aT>icetor{_DoT===}is
Tor Admin <toradmin A@T esponde D0T net>
+1 303-265-9283, rdump@OFTC
<tor-info pm-ib de>
david@davidhogue'com
http:\/\/www.privacyfoundation.ch\/abuse\/
0x4ED3D2B7 GDR! <gdr is an account at go2 full stop pl>
http:\/\/www.privacyfoundation.ch\/abuse\/
Julien ROBIN - FR <find me into http readme>
Tech <abuse AT greenhost nl>
PizzaPlanet <tor AT omgomg d0t eu>
Jan Weiher <jan-buksy-de>
Felix <zwiebel ta quantentunnel tod de>
1024D\/1DFBA164 Bernhard M. Wiedemann <torbmw3 lsmod.de>
abuse<__aT>icetor{_DoT===}is
gamambel
http:\/\/www.privacyfoundation.ch\/abuse\/
+1 303-265-9283, rdump@OFTC
Felix <zwiebel ta quantentunnel tod de>
Mike Perry <mikeperryTAfsckedTODorg>
b05pb05yb1V0aU5HK1RSRXVyZWthQG5mWE4ubmV0
www.prismcamp.de +491711190507
TlpCRm91bmRhdGlvbit0b3JAZ21haWwuY29t
www.national-liberal.org
Leverage Consulting & Associates
TvdW <tor NEAR tvdw CIRCLE eu>
Yo know where
Peter Palfrader
torrelay<at>afkbio<dot>de
http:\/\/www.privacyfoundation.ch\/abuse\/
murb@OFTC
tor TA fejk tod se
Bauruine <torcontact aatt tuxli.ch>
jvictors at jessevictors com, 0xC20BEC80
jvictors at jessevictors com, 0xC20BEC80
Speak up at IRC channel tor-dev
Speak up at IRC channel tor-dev
Bauruine <torcontact aatt tuxli.ch>
PizzaPlanet <tor AT omgomg d0t eu>
see http:\/\/tor.amd.co.at
0xFD78BCE1 Fruity Oaty Tor Exit <torexit ??t kalidasa.klamath.ch>
http:\/\/www.privacyfoundation.ch\/abuse\/
http:\/\/www.privacyfoundation.ch\/abuse\/
Felix <zwiebel ta quantentunnel tod de>
jvictors at jessevictors com, 0xC20BEC80
<bjoern AT mac com>
http:\/\/www.privacyfoundation.ch\/abuse\/
Tech <abuse AT greenhost nl>
tor at dereferenced net
Jan Schejbal, janhomepageONgmxPERIODnet
Julien ROBIN - FR <find me into http readme>
pseudodyne admin <hostmaster nosuchdoma in>
www.prismcamp.de +491711190507
Felix <zwiebel ta quantentunnel tod de>
Zwiebelring TorNode <tor AT frittentheke de>
Felix <zwiebel ta quantentunnel tod de>
0x539348A5 manu <manu AT brahu AT>
Julien ROBIN - FR <find me into http readme>
0xF792A0B8 anemia <anemia riseup net>
+1 303-265-9283, rdump@OFTC
HackThisSite.org
<tor-info pm-ib de>
Felix <zwiebel ta quantentunnel tod de>
4096R\/6CAC71020AF5D60D
http:\/\/answers.ibiblio.org
SomeRandomChap
Speak up at IRC channel tor-dev
bitbang <nobody AT onionrouter>
jvictors at jessevictors com, 0xC20BEC80
0x0BA5D044 Random Person <tormaster (at) deritter (.) de>
null
0x93e2af93 - Kai Muenz - squ@tent . at
http:\/\/www.privacyfoundation.ch\/abuse\/
abuse<__aT>icetor{_DoT===}is
Felix <zwiebel ta quantentunnel tod de>
1024D\/1DFBA164 Bernhard M. Wiedemann <torbmw3 lsmod.de>
b05pb05yb1V0aU5HK1RSRXVyZWthQG5mWE4ubmV0
Stephan <operator PLEASE_IGNORE_THIS_PART (a) torrified (.) de>
0xd28d7c4078b3742a Vincent Yu (https:\/\/v-yu.com\/)
mailbox torproject.org_4 domain l.qwyx.de
http:\/\/www.privacyfoundation.ch\/abuse\/
0xDEADBEAF
TlpCRm91bmRhdGlvbit0b3JAZ21haWwuY29t
david@davidhogue'com
<tor t-8ch de>
Julien ROBIN - FR <find me into http readme>
gone fishing
see http:\/\/tor.amd.co.at
1024D\/1DFBA164 Bernhard M. Wiedemann <torbmw3 lsmod.de>
0xA192CAF7 Tor Admin <tor linuxlounge net>
Bauruine <torcontact aatt tuxli.ch>
BTC 1GXZVChXoxgrBzqMsCrWGu2ua6VTKSH6U1
gamambel
<baloghn -THE\"AT\"SIGN- missouri -THE\"DOT\"SIGN- edu>
+1 303-265-9283, rdump@OFTC
Felix <zwiebel ta quantentunnel tod de>
mutantmonkey <tor.cubensis @at@ mutantmonkey \/dot\/ in>
Bauruine <torcontact aatt tuxli.ch>
0x4ED3D2B7 GDR! <gdr is an account at go2 full stop pl>
Leverage Consulting & Associates
jvictors at jessevictors com, 0xC20BEC80
Arthur Taylor <arthur dot taylor AT gmail>
jvictors at jessevictors com, 0xC20BEC80
1024D\/BADB7973 \"9764 AB8A D98D 3D55 C376  6D8C 4137 842E BADB 7973\"
1024D\/3AD9BA3E Aki Tuomi <cmouse ath desteem doth org>
0xd28d7c4078b3742a Vincent Yu (https:\/\/v-yu.com\/)
BTC 15xM37TRobDaU4Jqu4TR5y8SxQNVc5jSwd
tor \/AT\/ battleguard *DOT* net
tor-nyxRiseupNet
Bitmessage: BM-2D9J7HaAe6n1cZ7NbkoixmjsJ7kQXw7iKW
Julien ROBIN - FR <find me into http readme>
https:\/\/www.torproject.org\/
mail A-T cyb3rwr3ck D-O-T net
1024D\/397F5C4F Stephan Oeste <emzyATemzyDOTde>
http:\/\/www.privacyfoundation.ch\/abuse\/
Jan Weiher <jan-buksy-de>
0xDEADBEAF
Tor Admin <toradmin A@T esponde D0T net>
gmail axlecrusher
@kosjoli
PGP Key:0x613b73cc FP:161A F882 DCAF 9159 1DDF 464E C2FC 2765 613B 73CC
0xC55A356B
abuse<__aT>icetor{_DoT===}is
alg <algoritmyvcecku @ gmail dot com>
0xC55A356B
www.national-liberal.org
abuse<__aT>icetor{_DoT===}is
pubkey 0x0E5DCE45 ; wfn on the OFTC network
tor<=aT>mgorbach| DOT|n
@kosjoli
abuse<__aT>icetor{_DoT===}is
Mike Perry <mikeperryTAfsckedTODorg>
bitbang <nobody AT onionrouter>
Julien ROBIN - FR <find me into http readme>
@kosjoli
jvictors at jessevictors com, 0xC20BEC80
murb@OFTC
mailbox torproject.org_4 domain l.qwyx.de
david@davidhogue'com
0xDEADBEAF
Speak up at IRC channel tor-dev
Tech <abuse AT greenhost nl>
tor<=aT>mgorbach| DOT|n
see http:\/\/tor.amd.co.at
gamambel
http:\/\/www.privacyfoundation.ch\/abuse\/
pubkey 0x0E5DCE45 ; wfn on the OFTC network
see http:\/\/tor.amd.co.at
TvdW <tor NEAR tvdw CIRCLE eu>
jvictors at jessevictors com, 0xC20BEC80
abuse<__aT>icetor{_DoT===}is
0x539348A5 manu <manu AT brahu AT>
Peter Palfrader
Felix <zwiebel ta quantentunnel tod de>
www.prismcamp.de +491711190507
null
+1 303-265-9283, rdump@OFTC
Jan Weiher <jan-buksy-de>
abuse<__aT>icetor{_DoT===}is
Bauruine <torcontact aatt tuxli.ch>
jvictors at jessevictors com, 0xC20BEC80
SomeRandomChap
+1 303-265-9283, rdump@OFTC
bitbang <nobody AT onionrouter>
Speak up at IRC channel tor-dev
<bjoern AT mac com>
mail A-T cyb3rwr3ck D-O-T net
1024D\/1DFBA164 Bernhard M. Wiedemann <torbmw3 lsmod.de>
0xC55A356B
abuse<__aT>icetor{_DoT===}is
alg <algoritmyvcecku @ gmail dot com>
<tor t-8ch de>
jvictors at jessevictors com, 0xC20BEC80
0xDEADBEAF
tor TA fejk tod se
https:\/\/www.torproject.org\/
http:\/\/www.privacyfoundation.ch\/abuse\/
mutantmonkey <tor.cubensis @at@ mutantmonkey \/dot\/ in>
http:\/\/www.privacyfoundation.ch\/abuse\/
1024D\/397F5C4F Stephan Oeste <emzyATemzyDOTde>
Zwiebelring TorNode <tor AT frittentheke de>
0x4ED3D2B7 GDR! <gdr is an account at go2 full stop pl>
0xF792A0B8 anemia <anemia riseup net>
jvictors at jessevictors com, 0xC20BEC80
Bauruine <torcontact aatt tuxli.ch>
Tor Admin <toradmin A@T esponde D0T net>
1024D\/1DFBA164 Bernhard M. Wiedemann <torbmw3 lsmod.de>
Bauruine <torcontact aatt tuxli.ch>
Mike Perry <mikeperryTAfsckedTODorg>
BTC 15xM37TRobDaU4Jqu4TR5y8SxQNVc5jSwd
Yo know where
gone fishing
0x93e2af93 - Kai Muenz - squ@tent . at
<baloghn -THE\"AT\"SIGN- missouri -THE\"DOT\"SIGN- edu>
tor at dereferenced net
tor \/AT\/ battleguard *DOT* net
http:\/\/answers.ibiblio.org
http:\/\/www.privacyfoundation.ch\/abuse\/
http:\/\/www.privacyfoundation.ch\/abuse\/
pseudodyne admin <hostmaster nosuchdoma in>
Felix <zwiebel ta quantentunnel tod de>
HackThisSite.org
0x0BA5D044 Random Person <tormaster (at) deritter (.) de>
1024D\/BADB7973 \"9764 AB8A D98D 3D55 C376  6D8C 4137 842E BADB 7973\"
0xC55A356B
Jan Schejbal, janhomepageONgmxPERIODnet
www.national-liberal.org
Felix <zwiebel ta quantentunnel tod de>
0xd28d7c4078b3742a Vincent Yu (https:\/\/v-yu.com\/)
Felix <zwiebel ta quantentunnel tod de>
Felix <zwiebel ta quantentunnel tod de>
abuse<__aT>icetor{_DoT===}is
torrelay<at>afkbio<dot>de
TlpCRm91bmRhdGlvbit0b3JAZ21haWwuY29t
Julien ROBIN - FR <find me into http readme>
bitbang <nobody AT onionrouter>
Bauruine <torcontact aatt tuxli.ch>
Bitmessage: BM-2D9J7HaAe6n1cZ7NbkoixmjsJ7kQXw7iKW
Stephan <operator PLEASE_IGNORE_THIS_PART (a) torrified (.) de>
tor-nyxRiseupNet
Leverage Consulting & Associates
1024D\/3AD9BA3E Aki Tuomi <cmouse ath desteem doth org>
BTC 1GXZVChXoxgrBzqMsCrWGu2ua6VTKSH6U1
Speak up at IRC channel tor-dev
Julien ROBIN - FR <find me into http readme>
Arthur Taylor <arthur dot taylor AT gmail>
0xA192CAF7 Tor Admin <tor linuxlounge net>
Julien ROBIN - FR <find me into http readme>
jvictors at jessevictors com, 0xC20BEC80
Julien ROBIN - FR <find me into http readme>
@kosjoli
jvictors at jessevictors com, 0xC20BEC80
murb@OFTC
mailbox torproject.org_4 domain l.qwyx.de
david@davidhogue'com
0xDEADBEAF
Speak up at IRC channel tor-dev
Tech <abuse AT greenhost nl>
tor<=aT>mgorbach| DOT|n
see http:\/\/tor.amd.co.at
gamambel
http:\/\/www.privacyfoundation.ch\/abuse\/
pubkey 0x0E5DCE45 ; wfn on the OFTC network
see http:\/\/tor.amd.co.at
TvdW <tor NEAR tvdw CIRCLE eu>
jvictors at jessevictors com, 0xC20BEC80
abuse<__aT>icetor{_DoT===}is
0x539348A5 manu <manu AT brahu AT>
Peter Palfrader
Felix <zwiebel ta quantentunnel tod de>
www.prismcamp.de +491711190507
null
+1 303-265-9283, rdump@OFTC
Jan Weiher <jan-buksy-de>
abuse<__aT>icetor{_DoT===}is
Bauruine <torcontact aatt tuxli.ch>
jvictors at jessevictors com, 0xC20BEC80
SomeRandomChap
+1 303-265-9283, rdump@OFTC
bitbang <nobody AT onionrouter>
Speak up at IRC channel tor-dev
<bjoern AT mac com>
mail A-T cyb3rwr3ck D-O-T net
Julien ROBIN - FR <find me into http readme>
@kosjoli
jvictors at jessevictors com, 0xC20BEC80
murb@OFTC
mailbox torproject.org_4 domain l.qwyx.de
david@davidhogue'com
0xDEADBEAF
Speak up at IRC channel tor-dev
Tech <abuse AT greenhost nl>
tor<=aT>mgorbach| DOT|n
see http:\/\/tor.amd.co.at
gamambel
http:\/\/www.privacyfoundation.ch\/abuse\/
pubkey 0x0E5DCE45 ; wfn on the OFTC network
see http:\/\/tor.amd.co.at
TvdW <tor NEAR tvdw CIRCLE eu>
jvictors at jessevictors com, 0xC20BEC80
abuse<__aT>icetor{_DoT===}is
0x539348A5 manu <manu AT brahu AT>
Peter Palfrader
Felix <zwiebel ta quantentunnel tod de>
www.prismcamp.de +491711190507
null
+1 303-265-9283, rdump@OFTC
Jan Weiher <jan-buksy-de>
abuse<__aT>icetor{_DoT===}is
Bauruine <torcontact aatt tuxli.ch>
jvictors at jessevictors com, 0xC20BEC80
SomeRandomChap
+1 303-265-9283, rdump@OFTC
bitbang <nobody AT onionrouter>
Speak up at IRC channel tor-dev
<bjoern AT mac com>
mail A-T cyb3rwr3ck D-O-T net
1024D\/1DFBA164 Bernhard M. Wiedemann <torbmw3 lsmod.de>
0xC55A356B
abuse<__aT>icetor{_DoT===}is
alg <algoritmyvcecku @ gmail dot com>
<tor t-8ch de>
jvictors at jessevictors com, 0xC20BEC80
0xDEADBEAF
tor TA fejk tod se
https:\/\/www.torproject.org\/
http:\/\/www.privacyfoundation.ch\/abuse\/
mutantmonkey <tor.cubensis @at@ mutantmonkey \/dot\/ in>
http:\/\/www.privacyfoundation.ch\/abuse\/
1024D\/397F5C4F Stephan Oeste <emzyATemzyDOTde>
Zwiebelring TorNode <tor AT frittentheke de>
0x4ED3D2B7 GDR! <gdr is an account at go2 full stop pl>
0xF792A0B8 anemia <anemia riseup net>
jvictors at jessevictors com, 0xC20BEC80
Bauruine <torcontact aatt tuxli.ch>
Tor Admin <toradmin A@T esponde D0T net>
1024D\/1DFBA164 Bernhard M. Wiedemann <torbmw3 lsmod.de>
Bauruine <torcontact aatt tuxli.ch>
Mike Perry <mikeperryTAfsckedTODorg>
BTC 15xM37TRobDaU4Jqu4TR5y8SxQNVc5jSwd
Yo know where
gone fishing
0x93e2af93 - Kai Muenz - squ@tent . at
<baloghn -THE\"AT\"SIGN- missouri -THE\"DOT\"SIGN- edu>
tor at dereferenced net
tor \/AT\/ battleguard *DOT* net
http:\/\/answers.ibiblio.org
http:\/\/www.privacyfoundation.ch\/abuse\/
http:\/\/www.privacyfoundation.ch\/abuse\/
pseudodyne admin <hostmaster nosuchdoma in>
Felix <zwiebel ta quantentunnel tod de>
HackThisSite.org
0x0BA5D044 Random Person <tormaster (at) deritter (.) de>
1024D\/BADB7973 \"9764 AB8A D98D 3D55 C376  6D8C 4137 842E BADB 7973\"
0xC55A356B
Jan Schejbal, janhomepageONgmxPERIODnet
www.national-liberal.org
Felix <zwiebel ta quantentunnel tod de>
0xd28d7c4078b3742a Vincent Yu (https:\/\/v-yu.com\/)
Felix <zwiebel ta quantentunnel tod de>
Felix <zwiebel ta quantentunnel tod de>
abuse<__aT>icetor{_DoT===}is
torrelay<at>afkbio<dot>de
TlpCRm91bmRhdGlvbit0b3JAZ21haWwuY29t
Julien ROBIN - FR <find me into http readme>
bitbang <nobody AT onionrouter>
Bauruine <torcontact aatt tuxli.ch>
Bitmessage: BM-2D9J7HaAe6n1cZ7NbkoixmjsJ7kQXw7iKW
Stephan <operator PLEASE_IGNORE_THIS_PART (a) torrified (.) de>
tor-nyxRiseupNet
Leverage Consulting & Associates
1024D\/3AD9BA3E Aki Tuomi <cmouse ath desteem doth org>
BTC 1GXZVChXoxgrBzqMsCrWGu2ua6VTKSH6U1
Speak up at IRC channel tor-dev
Julien ROBIN - FR <find me into http readme>
Arthur Taylor <arthur dot taylor AT gmail>
0xA192CAF7 Tor Admin <tor linuxlounge net>
Julien ROBIN - FR <find me into http readme>
jvictors at jessevictors com, 0xC20BEC80
http:\/\/www.privacyfoundation.ch\/abuse\/
4096R\/6CAC71020AF5D60D
http:\/\/www.privacyfoundation.ch\/abuse\/
b05pb05yb1V0aU5HK1RSRXVyZWthQG5mWE4ubmV0
<tor-info pm-ib de>
0xd28d7c4078b3742a Vincent Yu (https:\/\/v-yu.com\/)
PizzaPlanet <tor AT omgomg d0t eu>
0xFD78BCE1 Fruity Oaty Tor Exit <torexit ??t kalidasa.klamath.ch>
PGP Key:0x613b73cc FP:161A F882 DCAF 9159 1DDF 464E C2FC 2765 613B 73CC
Felix <zwiebel ta quantentunnel tod de>
gmail axlecrusher
@kosjoli
Julien ROBIN - FR <find me into http readme>
@kosjoli
jvictors at jessevictors com, 0xC20BEC80
murb@OFTC
mailbox torproject.org_4 domain l.qwyx.de
david@davidhogue'com
0xDEADBEAF
Speak up at IRC channel tor-dev
Tech <abuse AT greenhost nl>
tor<=aT>mgorbach| DOT|n
see http:\/\/tor.amd.co.at
gamambel
http:\/\/www.privacyfoundation.ch\/abuse\/
pubkey 0x0E5DCE45 ; wfn on the OFTC network
see http:\/\/tor.amd.co.at
TvdW <tor NEAR tvdw CIRCLE eu>
jvictors at jessevictors com, 0xC20BEC80
abuse<__aT>icetor{_DoT===}is
0x539348A5 manu <manu AT brahu AT>
Peter Palfrader
Felix <zwiebel ta quantentunnel tod de>
www.prismcamp.de +491711190507
null
+1 303-265-9283, rdump@OFTC
Jan Weiher <jan-buksy-de>
abuse<__aT>icetor{_DoT===}is
Bauruine <torcontact aatt tuxli.ch>
jvictors at jessevictors com, 0xC20BEC80
SomeRandomChap
+1 303-265-9283, rdump@OFTC
bitbang <nobody AT onionrouter>
Speak up at IRC channel tor-dev
<bjoern AT mac com>
mail A-T cyb3rwr3ck D-O-T net
1024D\/1DFBA164 Bernhard M. Wiedemann <torbmw3 lsmod.de>
0xC55A356B
abuse<__aT>icetor{_DoT===}is
alg <algoritmyvcecku @ gmail dot com>
<tor t-8ch de>
jvictors at jessevictors com, 0xC20BEC80
0xDEADBEAF
tor TA fejk tod se
https:\/\/www.torproject.org\/
http:\/\/www.privacyfoundation.ch\/abuse\/
mutantmonkey <tor.cubensis @at@ mutantmonkey \/dot\/ in>
http:\/\/www.privacyfoundation.ch\/abuse\/
1024D\/397F5C4F Stephan Oeste <emzyATemzyDOTde>
Zwiebelring TorNode <tor AT frittentheke de>
0x4ED3D2B7 GDR! <gdr is an account at go2 full stop pl>
0xF792A0B8 anemia <anemia riseup net>
jvictors at jessevictors com, 0xC20BEC80
Bauruine <torcontact aatt tuxli.ch>
Tor Admin <toradmin A@T esponde D0T net>
1024D\/1DFBA164 Bernhard M. Wiedemann <torbmw3 lsmod.de>
Bauruine <torcontact aatt tuxli.ch>
Mike Perry <mikeperryTAfsckedTODorg>
BTC 15xM37TRobDaU4Jqu4TR5y8SxQNVc5jSwd
Yo know where
gone fishing
0x93e2af93 - Kai Muenz - squ@tent . at
<baloghn -THE\"AT\"SIGN- missouri -THE\"DOT\"SIGN- edu>
tor at dereferenced net
tor \/AT\/ battleguard *DOT* net
http:\/\/answers.ibiblio.org
http:\/\/www.privacyfoundation.ch\/abuse\/
http:\/\/www.privacyfoundation.ch\/abuse\/
pseudodyne admin <hostmaster nosuchdoma in>
Felix <zwiebel ta quantentunnel tod de>
HackThisSite.org
0x0BA5D044 Random Person <tormaster (at) deritter (.) de>
1024D\/BADB7973 \"9764 AB8A D98D 3D55 C376  6D8C 4137 842E BADB 7973\"
0xC55A356B
Jan Schejbal, janhomepageONgmxPERIODnet
www.national-liberal.org
Felix <zwiebel ta quantentunnel tod de>
0xd28d7c4078b3742a Vincent Yu (https:\/\/v-yu.com\/)
Felix <zwiebel ta quantentunnel tod de>
Felix <zwiebel ta quantentunnel tod de>
abuse<__aT>icetor{_DoT===}is
torrelay<at>afkbio<dot>de
TlpCRm91bmRhdGlvbit0b3JAZ21haWwuY29t
Julien ROBIN - FR <find me into http readme>
bitbang <nobody AT onionrouter>
Bauruine <torcontact aatt tuxli.ch>
Bitmessage: BM-2D9J7HaAe6n1cZ7NbkoixmjsJ7kQXw7iKW
Stephan <operator PLEASE_IGNORE_THIS_PART (a) torrified (.) de>
tor-nyxRiseupNet
Leverage Consulting & Associates
1024D\/3AD9BA3E Aki Tuomi <cmouse ath desteem doth org>
BTC 1GXZVChXoxgrBzqMsCrWGu2ua6VTKSH6U1
Speak up at IRC channel tor-dev
Julien ROBIN - FR <find me into http readme>
Arthur Taylor <arthur dot taylor AT gmail>
0xA192CAF7 Tor Admin <tor linuxlounge net>
Julien ROBIN - FR <find me into http readme>
jvictors at jessevictors com, 0xC20BEC80
http:\/\/www.privacyfoundation.ch\/abuse\/
4096R\/6CAC71020AF5D60D
http:\/\/www.privacyfoundation.ch\/abuse\/
b05pb05yb1V0aU5HK1RSRXVyZWthQG5mWE4ubmV0
<tor-info pm-ib de>
0xd28d7c4078b3742a Vincent Yu (https:\/\/v-yu.com\/)
PizzaPlanet <tor AT omgomg d0t eu>
0xFD78BCE1 Fruity Oaty Tor Exit <torexit ??t kalidasa.klamath.ch>
PGP Key:0x613b73cc FP:161A F882 DCAF 9159 1DDF 464E C2FC 2765 613B 73CC
Felix <zwiebel ta quantentunnel tod de>
gmail axlecrusher
@kosjoli
Julien ROBIN - FR <find me into http readme>
@kosjoli
jvictors at jessevictors com, 0xC20BEC80
murb@OFTC
mailbox torproject.org_4 domain l.qwyx.de
david@davidhogue'com
0xDEADBEAF
Speak up at IRC channel tor-dev
Tech <abuse AT greenhost nl>
tor<=aT>mgorbach| DOT|n
see http:\/\/tor.amd.co.at
gamambel
http:\/\/www.privacyfoundation.ch\/abuse\/
pubkey 0x0E5DCE45 ; wfn on the OFTC network
see http:\/\/tor.amd.co.at
TvdW <tor NEAR tvdw CIRCLE eu>
jvictors at jessevictors com, 0xC20BEC80
abuse<__aT>icetor{_DoT===}is
0x539348A5 manu <manu AT brahu AT>
Peter Palfrader
Felix <zwiebel ta quantentunnel tod de>
www.prismcamp.de +491711190507
null
+1 303-265-9283, rdump@OFTC
Jan Weiher <jan-buksy-de>
abuse<__aT>icetor{_DoT===}is
Bauruine <torcontact aatt tuxli.ch>
jvictors at jessevictors com, 0xC20BEC80
SomeRandomChap
+1 303-265-9283, rdump@OFTC
bitbang <nobody AT onionrouter>
Speak up at IRC channel tor-dev
<bjoern AT mac com>
mail A-T cyb3rwr3ck D-O-T net
1024D\/1DFBA164 Bernhard M. Wiedemann <torbmw3 lsmod.de>
0xC55A356B
abuse<__aT>icetor{_DoT===}is
alg <algoritmyvcecku @ gmail dot com>
<tor t-8ch de>
jvictors at jessevictors com, 0xC20BEC80
0xDEADBEAF
tor TA fejk tod se
https:\/\/www.torproject.org\/
http:\/\/www.privacyfoundation.ch\/abuse\/
mutantmonkey <tor.cubensis @at@ mutantmonkey \/dot\/ in>
http:\/\/www.privacyfoundation.ch\/abuse\/
1024D\/397F5C4F Stephan Oeste <emzyATemzyDOTde>
Zwiebelring TorNode <tor AT frittentheke de>
0x4ED3D2B7 GDR! <gdr is an account at go2 full stop pl>
0xF792A0B8 anemia <anemia riseup net>
jvictors at jessevictors com, 0xC20BEC80
Bauruine <torcontact aatt tuxli.ch>
Tor Admin <toradmin A@T esponde D0T net>
1024D\/1DFBA164 Bernhard M. Wiedemann <torbmw3 lsmod.de>
Bauruine <torcontact aatt tuxli.ch>
Mike Perry <mikeperryTAfsckedTODorg>
BTC 15xM37TRobDaU4Jqu4TR5y8SxQNVc5jSwd
Yo know where
gone fishing
0x93e2af93 - Kai Muenz - squ@tent . at
<baloghn -THE\"AT\"SIGN- missouri -THE\"DOT\"SIGN- edu>
tor at dereferenced net
tor \/AT\/ battleguard *DOT* net
http:\/\/answers.ibiblio.org
http:\/\/www.privacyfoundation.ch\/abuse\/
http:\/\/www.privacyfoundation.ch\/abuse\/
pseudodyne admin <hostmaster nosuchdoma in>
Felix <zwiebel ta quantentunnel tod de>
HackThisSite.org
0x0BA5D044 Random Person <tormaster (at) deritter (.) de>
1024D\/BADB7973 \"9764 AB8A D98D 3D55 C376  6D8C 4137 842E BADB 7973\"
0xC55A356B
Jan Schejbal, janhomepageONgmxPERIODnet
www.national-liberal.org
Felix <zwiebel ta quantentunnel tod de>
0xd28d7c4078b3742a Vincent Yu (https:\/\/v-yu.com\/)
Felix <zwiebel ta quantentunnel tod de>
Felix <zwiebel ta quantentunnel tod de>
abuse<__aT>icetor{_DoT===}is
torrelay<at>afkbio<dot>de
TlpCRm91bmRhdGlvbit0b3JAZ21haWwuY29t
Julien ROBIN - FR <find me into http readme>
bitbang <nobody AT onionrouter>
Bauruine <torcontact aatt tuxli.ch>
Bitmessage: BM-2D9J7HaAe6n1cZ7NbkoixmjsJ7kQXw7iKW
Stephan <operator PLEASE_IGNORE_THIS_PART (a) torrified (.) de>
tor-nyxRiseupNet
Leverage Consulting & Associates
1024D\/3AD9BA3E Aki Tuomi <cmouse ath desteem doth org>
BTC 1GXZVChXoxgrBzqMsCrWGu2ua6VTKSH6U1
Speak up at IRC channel tor-dev
Julien ROBIN - FR <find me into http readme>
Arthur Taylor <arthur dot taylor AT gmail>
0xA192CAF7 Tor Admin <tor linuxlounge net>
Julien ROBIN - FR <find me into http readme>
jvictors at jessevictors com, 0xC20BEC80
http:\/\/www.privacyfoundation.ch\/abuse\/
4096R\/6CAC71020AF5D60D
http:\/\/www.privacyfoundation.ch\/abuse\/
b05pb05yb1V0aU5HK1RSRXVyZWthQG5mWE4ubmV0
<tor-info pm-ib de>
0xd28d7c4078b3742a Vincent Yu (https:\/\/v-yu.com\/)
PizzaPlanet <tor AT omgomg d0t eu>
0xFD78BCE1 Fruity Oaty Tor Exit <torexit ??t kalidasa.klamath.ch>
PGP Key:0x613b73cc FP:161A F882 DCAF 9159 1DDF 464E C2FC 2765 613B 73CC
Felix <zwiebel ta quantentunnel tod de>
gmail axlecrusher
@kosjoli
jvictors at jessevictors com, 0xC20BEC80
0x4ED3D2B7 GDR! <gdr is an account at go2 full stop pl>
TvdW <tor NEAR tvdw CIRCLE eu>
0xFD78BCE1 Fruity Oaty Tor Exit <torexit ??t kalidasa.klamath.ch>
BTC 15xM37TRobDaU4Jqu4TR5y8SxQNVc5jSwd
abuse<__aT>icetor{_DoT===}is
http:\/\/www.privacyfoundation.ch\/abuse\/
Mike Perry <mikeperryTAfsckedTODorg>
0xF792A0B8 anemia <anemia riseup net>
jvictors at jessevictors com, 0xC20BEC80
Bauruine <torcontact aatt tuxli.ch>
0xC55A356B
4096R\/6CAC71020AF5D60D
0xDEADBEAF
<baloghn -THE\"AT\"SIGN- missouri -THE\"DOT\"SIGN- edu>
Bauruine <torcontact aatt tuxli.ch>
Peter Palfrader
tor \/AT\/ battleguard *DOT* net
Bitmessage: BM-2D9J7HaAe6n1cZ7NbkoixmjsJ7kQXw7iKW
Felix <zwiebel ta quantentunnel tod de>
0xC55A356B
gamambel
see http:\/\/tor.amd.co.at
http:\/\/www.privacyfoundation.ch\/abuse\/
0xd28d7c4078b3742a Vincent Yu (https:\/\/v-yu.com\/)
Julien ROBIN - FR <find me into http readme>
http:\/\/www.privacyfoundation.ch\/abuse\/
0xd28d7c4078b3742a Vincent Yu (https:\/\/v-yu.com\/)
www.national-liberal.org
@kosjoli
1024D\/BADB7973 \"9764 AB8A D98D 3D55 C376  6D8C 4137 842E BADB 7973\"
1024D\/397F5C4F Stephan Oeste <emzyATemzyDOTde>
jvictors at jessevictors com, 0xC20BEC80
torrelay<at>afkbio<dot>de
abuse<__aT>icetor{_DoT===}is
tor at dereferenced net
mutantmonkey <tor.cubensis @at@ mutantmonkey \/dot\/ in>
Felix <zwiebel ta quantentunnel tod de>
alg <algoritmyvcecku @ gmail dot com>
Julien ROBIN - FR <find me into http readme>
gmail axlecrusher
0x0BA5D044 Random Person <tormaster (at) deritter (.) de>
Felix <zwiebel ta quantentunnel tod de>
1024D\/1DFBA164 Bernhard M. Wiedemann <torbmw3 lsmod.de>
david@davidhogue'com
http:\/\/www.privacyfoundation.ch\/abuse\/
0x93e2af93 - Kai Muenz - squ@tent . at
Felix <zwiebel ta quantentunnel tod de>
0xA192CAF7 Tor Admin <tor linuxlounge net>
bitbang <nobody AT onionrouter>
0x539348A5 manu <manu AT brahu AT>
pubkey 0x0E5DCE45 ; wfn on the OFTC network
http:\/\/answers.ibiblio.org
Julien ROBIN - FR <find me into http readme>
<bjoern AT mac com>
Bauruine <torcontact aatt tuxli.ch>
PGP Key:0x613b73cc FP:161A F882 DCAF 9159 1DDF 464E C2FC 2765 613B 73CC
<tor t-8ch de>
tor-nyxRiseupNet
@kosjoli
Bauruine <torcontact aatt tuxli.ch>
TlpCRm91bmRhdGlvbit0b3JAZ21haWwuY29t
jvictors at jessevictors com, 0xC20BEC80
jvictors at jessevictors com, 0xC20BEC80
Tech <abuse AT greenhost nl>
https:\/\/www.torproject.org\/
gone fishing
<tor-info pm-ib de>
bitbang <nobody AT onionrouter>
www.prismcamp.de +491711190507
see http:\/\/tor.amd.co.at
PizzaPlanet <tor AT omgomg d0t eu>
+1 303-265-9283, rdump@OFTC
jvictors at jessevictors com, 0xC20BEC80
abuse<__aT>icetor{_DoT===}is
SomeRandomChap
Speak up at IRC channel tor-dev
Stephan <operator PLEASE_IGNORE_THIS_PART (a) torrified (.) de>
+1 303-265-9283, rdump@OFTC
tor<=aT>mgorbach| DOT|n
HackThisSite.org
1024D\/3AD9BA3E Aki Tuomi <cmouse ath desteem doth org>
http:\/\/www.privacyfoundation.ch\/abuse\/
pseudodyne admin <hostmaster nosuchdoma in>
Arthur Taylor <arthur dot taylor AT gmail>
Felix <zwiebel ta quantentunnel tod de>
mail A-T cyb3rwr3ck D-O-T net
abuse<__aT>icetor{_DoT===}is
Felix <zwiebel ta quantentunnel tod de>
0xDEADBEAF
b05pb05yb1V0aU5HK1RSRXVyZWthQG5mWE4ubmV0
Zwiebelring TorNode <tor AT frittentheke de>
Jan Schejbal, janhomepageONgmxPERIODnet
welcome to use it
mailbox torproject.org_4 domain l.qwyx.de
tor TA fejk tod se
Tor Admin <toradmin A@T esponde D0T net>
http:\/\/www.privacyfoundation.ch\/abuse\/
Speak up at IRC channel tor-dev
Jan Weiher <jan-buksy-de>
Leverage Consulting & Associates
Speak up at IRC channel tor-dev
1024D\/1DFBA164 Bernhard M. Wiedemann <torbmw3 lsmod.de>
http:\/\/www.privacyfoundation.ch\/abuse\/
Yo know where
murb@OFTC
Julien ROBIN - FR <find me into http readme>
null
BTC 1GXZVChXoxgrBzqMsCrWGu2ua6VTKSH6U1
jvictors at jessevictors com, 0xC20BEC80
0x4ED3D2B7 GDR! <gdr is an account at go2 full stop pl>
TvdW <tor NEAR tvdw CIRCLE eu>
0xFD78BCE1 Fruity Oaty Tor Exit <torexit ??t kalidasa.klamath.ch>
BTC 15xM37TRobDaU4Jqu4TR5y8SxQNVc5jSwd
abuse<__aT>icetor{_DoT===}is
http:\/\/www.privacyfoundation.ch\/abuse\/
Mike Perry <mikeperryTAfsckedTODorg>
0xF792A0B8 anemia <anemia riseup net>
jvictors at jessevictors com, 0xC20BEC80
Bauruine <torcontact aatt tuxli.ch>
0xC55A356B
4096R\/6CAC71020AF5D60D
0xDEADBEAF
<baloghn -THE\"AT\"SIGN- missouri -THE\"DOT\"SIGN- edu>
Bauruine <torcontact aatt tuxli.ch>
Peter Palfrader
tor \/AT\/ battleguard *DOT* net
Bitmessage: BM-2D9J7HaAe6n1cZ7NbkoixmjsJ7kQXw7iKW
Felix <zwiebel ta quantentunnel tod de>
0xC55A356B
gamambel
see http:\/\/tor.amd.co.at
http:\/\/www.privacyfoundation.ch\/abuse\/
0xd28d7c4078b3742a Vincent Yu (https:\/\/v-yu.com\/)
Julien ROBIN - FR <find me into http readme>
http:\/\/www.privacyfoundation.ch\/abuse\/
0xd28d7c4078b3742a Vincent Yu (https:\/\/v-yu.com\/)
www.national-liberal.org
@kosjoli
1024D\/BADB7973 \"9764 AB8A D98D 3D55 C376  6D8C 4137 842E BADB 7973\"
1024D\/397F5C4F Stephan Oeste <emzyATemzyDOTde>
jvictors at jessevictors com, 0xC20BEC80
torrelay<at>afkbio<dot>de
abuse<__aT>icetor{_DoT===}is
tor at dereferenced net
mutantmonkey <tor.cubensis @at@ mutantmonkey \/dot\/ in>
Felix <zwiebel ta quantentunnel tod de>
alg <algoritmyvcecku @ gmail dot com>
Julien ROBIN - FR <find me into http readme>
gmail axlecrusher
0x0BA5D044 Random Person <tormaster (at) deritter (.) de>
Felix <zwiebel ta quantentunnel tod de>
1024D\/1DFBA164 Bernhard M. Wiedemann <torbmw3 lsmod.de>
david@davidhogue'com
http:\/\/www.privacyfoundation.ch\/abuse\/
0x93e2af93 - Kai Muenz - squ@tent . at
Felix <zwiebel ta quantentunnel tod de>
0xA192CAF7 Tor Admin <tor linuxlounge net>
bitbang <nobody AT onionrouter>
0x539348A5 manu <manu AT brahu AT>
pubkey 0x0E5DCE45 ; wfn on the OFTC network
http:\/\/answers.ibiblio.org
Julien ROBIN - FR <find me into http readme>
<bjoern AT mac com>
Bauruine <torcontact aatt tuxli.ch>
PGP Key:0x613b73cc FP:161A F882 DCAF 9159 1DDF 464E C2FC 2765 613B 73CC
<tor t-8ch de>
tor-nyxRiseupNet
@kosjoli
Bauruine <torcontact aatt tuxli.ch>
TlpCRm91bmRhdGlvbit0b3JAZ21haWwuY29t
jvictors at jessevictors com, 0xC20BEC80
jvictors at jessevictors com, 0xC20BEC80
Tech <abuse AT greenhost nl>
https:\/\/www.torproject.org\/
gone fishing
<tor-info pm-ib de>
bitbang <nobody AT onionrouter>
www.prismcamp.de +491711190507
see http:\/\/tor.amd.co.at
PizzaPlanet <tor AT omgomg d0t eu>
+1 303-265-9283, rdump@OFTC
jvictors at jessevictors com, 0xC20BEC80
abuse<__aT>icetor{_DoT===}is
SomeRandomChap
Speak up at IRC channel tor-dev
Stephan <operator PLEASE_IGNORE_THIS_PART (a) torrified (.) de>
+1 303-265-9283, rdump@OFTC
tor<=aT>mgorbach| DOT|n
HackThisSite.org
1024D\/3AD9BA3E Aki Tuomi <cmouse ath desteem doth org>
http:\/\/www.privacyfoundation.ch\/abuse\/
pseudodyne admin <hostmaster nosuchdoma in>
Arthur Taylor <arthur dot taylor AT gmail>
Felix <zwiebel ta quantentunnel tod de>
mail A-T cyb3rwr3ck D-O-T net
abuse<__aT>icetor{_DoT===}is
Felix <zwiebel ta quantentunnel tod de>
0xDEADBEAF
b05pb05yb1V0aU5HK1RSRXVyZWthQG5mWE4ubmV0
Zwiebelring TorNode <tor AT frittentheke de>
Jan Schejbal, janhomepageONgmxPERIODnet
welcome to use it
mailbox torproject.org_4 domain l.qwyx.de
tor TA fejk tod se
Tor Admin <toradmin A@T esponde D0T net>
http:\/\/www.privacyfoundation.ch\/abuse\/
Speak up at IRC channel tor-dev
Jan Weiher <jan-buksy-de>
Leverage Consulting & Associates
Speak up at IRC channel tor-dev
1024D\/1DFBA164 Bernhard M. Wiedemann <torbmw3 lsmod.de>
http:\/\/www.privacyfoundation.ch\/abuse\/
Yo know where
murb@OFTC
Julien ROBIN - FR <find me into http readme>
null
BTC 1GXZVChXoxgrBzqMsCrWGu2ua6VTKSH6U1
